<?xml version="1.0" encoding="UTF-8"?>
<!-- Generated by org.testng.reporters.JUnitReportReporter -->
<testsuite hostname="LAPTOP-CQ47I4JT" name="testcases.TC01_VerifyEasyAccessFunctionalityInOurOfferPage" tests="1" failures="0" timestamp="2 Feb 2019 18:16:32 GMT" time="28.817" errors="0">
  <testcase name="testEasyAccessFunctionalityInOurOfferPage" time="28.817" classname="testcases.TC01_VerifyEasyAccessFunctionalityInOurOfferPage"/>
</testsuite> <!-- testcases.TC01_VerifyEasyAccessFunctionalityInOurOfferPage -->
