<?xml version="1.0" encoding="UTF-8"?>
<!-- Generated by org.testng.reporters.JUnitReportReporter -->
<testsuite hostname="LAPTOP-CQ47I4JT" name="testcases.TC02_FindTheOfferWithTheHighestInterestRateAndClickRegister" tests="1" failures="0" timestamp="2 Feb 2019 18:45:21 GMT" time="22.972" errors="0">
  <testcase name="testOfferWithHighestInterest" time="22.972" classname="testcases.TC02_FindTheOfferWithTheHighestInterestRateAndClickRegister"/>
</testsuite> <!-- testcases.TC02_FindTheOfferWithTheHighestInterestRateAndClickRegister -->
