<?xml version="1.0" encoding="UTF-8"?>
<!-- Generated by org.testng.reporters.JUnitReportReporter -->
<testsuite hostname="LAPTOP-CQ47I4JT" name="testcases.VerifyInvestNowButtonIsRedirectingToTheRegisterForm" tests="1" failures="0" timestamp="2 Feb 2019 08:31:10 GMT" time="56.165" errors="0">
  <testcase name="testOfferWithHighestInterest" time="56.165" classname="testcases.VerifyInvestNowButtonIsRedirectingToTheRegisterForm"/>
</testsuite> <!-- testcases.VerifyInvestNowButtonIsRedirectingToTheRegisterForm -->
