<?xml version="1.0" encoding="UTF-8"?>
<!-- Generated by org.testng.reporters.JUnitReportReporter -->
<testsuite hostname="LAPTOP-CQ47I4JT" name="testcases.TC03_VerifyInvestNowButtonIsRedirectingToTheRegisterForm" tests="1" failures="0" timestamp="2 Feb 2019 18:49:00 GMT" time="18.983" errors="0">
  <testcase name="testOfferWithHighestInterest" time="18.983" classname="testcases.TC03_VerifyInvestNowButtonIsRedirectingToTheRegisterForm"/>
</testsuite> <!-- testcases.TC03_VerifyInvestNowButtonIsRedirectingToTheRegisterForm -->
